  Board.cpp
C:\Users\karol\Desktop\porzadek\cppAPI\crow\crow\Board.cpp(27,57): warning C4267: "=": konwersja z "size_t" do "int", możliwa utrata danych
C:\Users\karol\Desktop\porzadek\cppAPI\crow\crow\Board.cpp(49,36): warning C4267: "inicjowanie": konwersja z "size_t" do "int", możliwa utrata danych
  CastleMove.cpp
  EnPassantMove.cpp
  Engine.cpp
C:\Users\karol\Desktop\porzadek\cppAPI\crow\crow\Engine.cpp(29,29): warning C4244: "=": konwersja z "time_t" do "int", możliwa utrata danych
C:\Users\karol\Desktop\porzadek\cppAPI\crow\crow\Engine.cpp(47,3): warning C4267: "inicjowanie": konwersja z "size_t" do "int", możliwa utrata danych
C:\Users\karol\Desktop\porzadek\cppAPI\crow\crow\Engine.cpp(106,27): warning C4267: "inicjowanie": konwersja z "size_t" do "int", możliwa utrata danych
C:\Users\karol\Desktop\porzadek\cppAPI\crow\crow\Engine.cpp(109,27): warning C4267: "=": konwersja z "size_t" do "int", możliwa utrata danych
C:\Users\karol\Desktop\porzadek\cppAPI\crow\crow\Engine.cpp(112,28): warning C4267: "=": konwersja z "size_t" do "int", możliwa utrata danych
C:\Users\karol\Desktop\porzadek\cppAPI\crow\crow\Engine.cpp(115,36): warning C4267: "inicjowanie": konwersja z "size_t" do "int", możliwa utrata danych
C:\Users\karol\Desktop\porzadek\cppAPI\crow\crow\Engine.cpp(156,30): warning C4267: "inicjowanie": konwersja z "size_t" do "int", możliwa utrata danych
C:\Users\karol\Desktop\porzadek\cppAPI\crow\crow\Engine.cpp(176,30): warning C4267: "inicjowanie": konwersja z "size_t" do "int", możliwa utrata danych
C:\Users\karol\Desktop\porzadek\cppAPI\crow\crow\Engine.cpp(214,27): warning C4267: "inicjowanie": konwersja z "size_t" do "int", możliwa utrata danych
C:\Users\karol\Desktop\porzadek\cppAPI\crow\crow\Engine.cpp(217,27): warning C4267: "=": konwersja z "size_t" do "int", możliwa utrata danych
C:\Users\karol\Desktop\porzadek\cppAPI\crow\crow\Engine.cpp(220,28): warning C4267: "=": konwersja z "size_t" do "int", możliwa utrata danych
C:\Users\karol\Desktop\porzadek\cppAPI\crow\crow\Engine.cpp(223,36): warning C4267: "inicjowanie": konwersja z "size_t" do "int", możliwa utrata danych
C:\Users\karol\Desktop\porzadek\cppAPI\crow\crow\Engine.cpp(245,25): warning C4267: "=": konwersja z "size_t" do "int", możliwa utrata danych
C:\Users\karol\Desktop\porzadek\cppAPI\crow\crow\Engine.cpp(1572,41): warning C4267: "inicjowanie": konwersja z "size_t" do "int", możliwa utrata danych
C:\Users\karol\Desktop\porzadek\cppAPI\crow\crow\Engine.cpp(1587,28): warning C4267: "=": konwersja z "size_t" do "int", możliwa utrata danych
C:\Users\karol\Desktop\porzadek\cppAPI\crow\crow\Engine.cpp(1602,30): warning C4267: "=": konwersja z "size_t" do "int", możliwa utrata danych
C:\Users\karol\Desktop\porzadek\cppAPI\crow\crow\Engine.cpp(1617,27): warning C4267: "=": konwersja z "size_t" do "int", możliwa utrata danych
C:\Users\karol\Desktop\porzadek\cppAPI\crow\crow\Engine.cpp(1632,39): warning C4267: "=": konwersja z "size_t" do "int", możliwa utrata danych
C:\Users\karol\Desktop\porzadek\cppAPI\crow\crow\Engine.cpp(1647,32): warning C4267: "=": konwersja z "size_t" do "int", możliwa utrata danych
C:\Users\karol\Desktop\porzadek\cppAPI\crow\crow\Engine.cpp(1662,36): warning C4267: "=": konwersja z "size_t" do "int", możliwa utrata danych
C:\Users\karol\Desktop\porzadek\cppAPI\crow\crow\Engine.cpp(1677,29): warning C4267: "=": konwersja z "size_t" do "int", możliwa utrata danych
  Evaluator.cpp
C:\Users\karol\Desktop\porzadek\cppAPI\crow\crow\Evaluator.cpp(20,22): warning C4244: "inicjowanie": konwersja z "double" do "int", możliwa utrata danych
  Field.cpp
  NormalMove.cpp
  PromotionMove.cpp
  main.cpp
  Generowanie kodu...
  crow.vcxproj -> C:\Users\karol\Desktop\porzadek\cppAPI\crow\x64\Debug\crow.exe
